2020-Jul-15 11:46:17,823 [main] GURU99 ECOM 
  INFO  Click on MyAccount link
2020-Jul-15 11:46:18,115 [main] GURU99 ECOM 
  INFO  Enter Email Address
2020-Jul-15 11:46:18,436 [main] GURU99 ECOM 
  INFO  Password entered
2020-Jul-15 11:46:20,570 [main] GURU99 ECOM 
  INFO  Click on LogIn button
2020-Jul-15 11:46:21,638 [main] GURU99 ECOM 
  INFO  Click on My wishlist
2020-Jul-15 11:46:24,282 [main] GURU99 ECOM 
  INFO  Click on TV
2020-Jul-15 11:46:26,151 [main] GURU99 ECOM 
  INFO  Added to Wishlist
2020-Jul-15 11:46:39,435 [main] GURU99 ECOM 
  INFO  Click on Add to cart
2020-Jul-15 11:46:39,597 [main] GURU99 ECOM 
  INFO  Country selected
2020-Jul-15 11:46:39,933 [main] GURU99 ECOM 
  INFO  Zip code enter
2020-Jul-15 11:46:41,689 [main] GURU99 ECOM 
  INFO  Estimate done
2020-Jul-15 11:46:41,842 [main] GURU99 ECOM 
  INFO  Flat rate selected
2020-Jul-15 11:46:43,503 [main] GURU99 ECOM 
  INFO  Click on Update Total
2020-Jul-15 11:46:46,245 [main] GURU99 ECOM 
  INFO  Click on Proceed to checkout
2020-Jul-15 11:46:46,492 [main] GURU99 ECOM 
  INFO  Continue
2020-Jul-15 11:46:46,517 [main] GURU99 ECOM 
  INFO  Scroll down page
2020-Jul-15 11:46:49,763 [main] GURU99 ECOM 
  INFO  Continue Shipping method
2020-Jul-15 11:46:52,933 [main] GURU99 ECOM 
  INFO  Check money order selected
2020-Jul-15 11:46:58,158 [main] GURU99 ECOM 
  INFO  PAyment Info continue
