2020-Jul-15 12:08:20,550 [main] GURU99 ECOM 
  INFO  Click on MyAccount link
2020-Jul-15 12:08:20,912 [main] GURU99 ECOM 
  INFO  Enter Email Address
2020-Jul-15 12:08:21,071 [main] GURU99 ECOM 
  INFO  Password entered
2020-Jul-15 12:08:23,296 [main] GURU99 ECOM 
  INFO  Click on LogIn button
2020-Jul-15 12:08:24,601 [main] GURU99 ECOM 
  INFO  Click on My wishlist
2020-Jul-15 12:08:27,297 [main] GURU99 ECOM 
  INFO  Click on TV
2020-Jul-15 12:08:29,399 [main] GURU99 ECOM 
  INFO  Added to Wishlist
2020-Jul-15 12:08:39,964 [main] GURU99 ECOM 
  INFO  Click on Add to cart
2020-Jul-15 12:08:40,141 [main] GURU99 ECOM 
  INFO  Country selected
2020-Jul-15 12:08:40,355 [main] GURU99 ECOM 
  INFO  Zip code enter
2020-Jul-15 12:08:42,818 [main] GURU99 ECOM 
  INFO  Estimate done
2020-Jul-15 12:08:43,174 [main] GURU99 ECOM 
  INFO  Flat rate selected
2020-Jul-15 12:08:45,915 [main] GURU99 ECOM 
  INFO  Click on Update Total
2020-Jul-15 12:08:48,995 [main] GURU99 ECOM 
  INFO  Click on Proceed to checkout
2020-Jul-15 12:08:49,137 [main] GURU99 ECOM 
  INFO  Continue
2020-Jul-15 12:08:49,161 [main] GURU99 ECOM 
  INFO  Scroll down page
2020-Jul-15 12:08:52,324 [main] GURU99 ECOM 
  INFO  Continue Shipping method
2020-Jul-15 12:08:55,511 [main] GURU99 ECOM 
  INFO  Check money order selected
