2020-Jul-14 23:47:10,106 [main] GURU99 ECOM 
  INFO  Click on MyAccount link
2020-Jul-14 23:47:10,413 [main] GURU99 ECOM 
  INFO  Enter Email Address
2020-Jul-14 23:47:10,601 [main] GURU99 ECOM 
  INFO  Password entered
2020-Jul-14 23:47:13,027 [main] GURU99 ECOM 
  INFO  Click on LogIn button
2020-Jul-14 23:47:14,032 [main] GURU99 ECOM 
  INFO  Click on My wishlist
2020-Jul-14 23:47:16,985 [main] GURU99 ECOM 
  INFO  Click on TV
2020-Jul-14 23:47:18,499 [main] GURU99 ECOM 
  INFO  Added to Wishlist
2020-Jul-14 23:47:32,128 [main] GURU99 ECOM 
  INFO  Click on Add to cart
2020-Jul-14 23:47:32,323 [main] GURU99 ECOM 
  INFO  Country selected
2020-Jul-14 23:47:32,555 [main] GURU99 ECOM 
  INFO  Zip code enter
2020-Jul-14 23:47:34,150 [main] GURU99 ECOM 
  INFO  Estimate done
2020-Jul-14 23:47:34,367 [main] GURU99 ECOM 
  INFO  Flat rate selected
2020-Jul-14 23:47:36,098 [main] GURU99 ECOM 
  INFO  Click on Update Total
2020-Jul-14 23:47:38,335 [main] GURU99 ECOM 
  INFO  Click on Proceed to checkout
2020-Jul-14 23:47:38,488 [main] GURU99 ECOM 
  INFO  Continue
2020-Jul-14 23:47:38,520 [main] GURU99 ECOM 
  INFO  Scroll down page
2020-Jul-14 23:47:41,752 [main] GURU99 ECOM 
  INFO  Continue Shipping method
2020-Jul-14 23:47:44,992 [main] GURU99 ECOM 
  INFO  Check money order selected
