2020-Jul-14 23:49:00,259 [main] GURU99 ECOM 
  INFO  Click on MyAccount link
2020-Jul-14 23:49:00,503 [main] GURU99 ECOM 
  INFO  Enter Email Address
2020-Jul-14 23:49:00,660 [main] GURU99 ECOM 
  INFO  Password entered
2020-Jul-14 23:49:02,467 [main] GURU99 ECOM 
  INFO  Click on LogIn button
2020-Jul-14 23:49:04,130 [main] GURU99 ECOM 
  INFO  Click on My wishlist
2020-Jul-14 23:49:06,357 [main] GURU99 ECOM 
  INFO  Click on TV
2020-Jul-14 23:49:08,049 [main] GURU99 ECOM 
  INFO  Added to Wishlist
2020-Jul-14 23:49:21,697 [main] GURU99 ECOM 
  INFO  Click on Add to cart
2020-Jul-14 23:49:21,824 [main] GURU99 ECOM 
  INFO  Country selected
2020-Jul-14 23:49:22,183 [main] GURU99 ECOM 
  INFO  Zip code enter
2020-Jul-14 23:49:24,025 [main] GURU99 ECOM 
  INFO  Estimate done
2020-Jul-14 23:49:24,136 [main] GURU99 ECOM 
  INFO  Flat rate selected
2020-Jul-14 23:49:26,475 [main] GURU99 ECOM 
  INFO  Click on Update Total
2020-Jul-14 23:49:29,153 [main] GURU99 ECOM 
  INFO  Click on Proceed to checkout
2020-Jul-14 23:49:29,356 [main] GURU99 ECOM 
  INFO  Continue
2020-Jul-14 23:49:29,375 [main] GURU99 ECOM 
  INFO  Scroll down page
2020-Jul-14 23:49:32,552 [main] GURU99 ECOM 
  INFO  Continue Shipping method
2020-Jul-14 23:49:35,774 [main] GURU99 ECOM 
  INFO  Check money order selected
