2020-Jul-14 23:41:35,880 [main] GURU99 ECOM 
  INFO  Click on MyAccount link
2020-Jul-14 23:41:36,108 [main] GURU99 ECOM 
  INFO  Enter Email Address
2020-Jul-14 23:41:36,267 [main] GURU99 ECOM 
  INFO  Password entered
2020-Jul-14 23:41:37,986 [main] GURU99 ECOM 
  INFO  Click on LogIn button
2020-Jul-14 23:41:39,453 [main] GURU99 ECOM 
  INFO  Click on My wishlist
2020-Jul-14 23:41:42,616 [main] GURU99 ECOM 
  INFO  Click on TV
2020-Jul-14 23:41:44,105 [main] GURU99 ECOM 
  INFO  Added to Wishlist
2020-Jul-14 23:41:53,442 [main] GURU99 ECOM 
  INFO  Click on Add to cart
2020-Jul-14 23:41:53,609 [main] GURU99 ECOM 
  INFO  Country selected
2020-Jul-14 23:41:53,850 [main] GURU99 ECOM 
  INFO  Zip code enter
2020-Jul-14 23:41:56,283 [main] GURU99 ECOM 
  INFO  Estimate done
2020-Jul-14 23:41:56,436 [main] GURU99 ECOM 
  INFO  Flat rate selected
2020-Jul-14 23:41:58,028 [main] GURU99 ECOM 
  INFO  Click on Update Total
