2020-Jul-14 23:30:24,550 [main] GURU99 ECOM 
  INFO  Click on MyAccount link
2020-Jul-14 23:30:25,131 [main] GURU99 ECOM 
  INFO  Enter Email Address
2020-Jul-14 23:30:25,352 [main] GURU99 ECOM 
  INFO  Password entered
2020-Jul-14 23:30:27,394 [main] GURU99 ECOM 
  INFO  Click on LogIn button
2020-Jul-14 23:30:28,583 [main] GURU99 ECOM 
  INFO  Click on My wishlist
2020-Jul-14 23:30:31,074 [main] GURU99 ECOM 
  INFO  Click on TV
2020-Jul-14 23:30:33,236 [main] GURU99 ECOM 
  INFO  Added to Wishlist
2020-Jul-14 23:30:49,946 [main] GURU99 ECOM 
  INFO  Click on Add to cart
2020-Jul-14 23:30:50,113 [main] GURU99 ECOM 
  INFO  Country selected
2020-Jul-14 23:30:50,520 [main] GURU99 ECOM 
  INFO  Zip code enter
2020-Jul-14 23:30:52,760 [main] GURU99 ECOM 
  INFO  Estimate done
2020-Jul-14 23:30:52,955 [main] GURU99 ECOM 
  INFO  Flat rate selected
2020-Jul-14 23:30:55,651 [main] GURU99 ECOM 
  INFO  Click on Update Total
2020-Jul-14 23:30:58,031 [main] GURU99 ECOM 
  INFO  Click on Proceed to checkout
2020-Jul-14 23:30:58,173 [main] GURU99 ECOM 
  INFO  Continue
2020-Jul-14 23:30:58,194 [main] GURU99 ECOM 
  INFO  Scroll down page
