2020-Jul-14 23:52:33,246 [main] GURU99 ECOM 
  INFO  Click on MyAccount link
2020-Jul-14 23:52:33,549 [main] GURU99 ECOM 
  INFO  Enter Email Address
2020-Jul-14 23:52:33,721 [main] GURU99 ECOM 
  INFO  Password entered
2020-Jul-14 23:52:37,270 [main] GURU99 ECOM 
  INFO  Click on LogIn button
2020-Jul-14 23:52:38,434 [main] GURU99 ECOM 
  INFO  Click on My wishlist
2020-Jul-14 23:52:40,794 [main] GURU99 ECOM 
  INFO  Click on TV
2020-Jul-14 23:52:42,709 [main] GURU99 ECOM 
  INFO  Added to Wishlist
2020-Jul-14 23:52:53,159 [main] GURU99 ECOM 
  INFO  Click on Add to cart
2020-Jul-14 23:52:53,291 [main] GURU99 ECOM 
  INFO  Country selected
2020-Jul-14 23:52:53,519 [main] GURU99 ECOM 
  INFO  Zip code enter
2020-Jul-14 23:52:55,123 [main] GURU99 ECOM 
  INFO  Estimate done
2020-Jul-14 23:52:55,324 [main] GURU99 ECOM 
  INFO  Flat rate selected
