2020-Jul-14 23:38:36,674 [main] GURU99 ECOM 
  INFO  Click on MyAccount link
2020-Jul-14 23:38:37,139 [main] GURU99 ECOM 
  INFO  Enter Email Address
2020-Jul-14 23:38:37,307 [main] GURU99 ECOM 
  INFO  Password entered
2020-Jul-14 23:38:39,311 [main] GURU99 ECOM 
  INFO  Click on LogIn button
2020-Jul-14 23:38:40,447 [main] GURU99 ECOM 
  INFO  Click on My wishlist
2020-Jul-14 23:38:42,957 [main] GURU99 ECOM 
  INFO  Click on TV
2020-Jul-14 23:38:44,956 [main] GURU99 ECOM 
  INFO  Added to Wishlist
2020-Jul-14 23:38:53,490 [main] GURU99 ECOM 
  INFO  Click on Add to cart
2020-Jul-14 23:38:53,623 [main] GURU99 ECOM 
  INFO  Country selected
2020-Jul-14 23:38:54,220 [main] GURU99 ECOM 
  INFO  Zip code enter
2020-Jul-14 23:38:56,536 [main] GURU99 ECOM 
  INFO  Estimate done
2020-Jul-14 23:38:56,701 [main] GURU99 ECOM 
  INFO  Flat rate selected
2020-Jul-14 23:38:58,554 [main] GURU99 ECOM 
  INFO  Click on Update Total
