2020-Jul-14 23:10:01,419 [main] GURU99 ECOM 
  INFO  Click on LogIn button
2020-Jul-14 23:10:02,866 [main] GURU99 ECOM 
  INFO  Click on My wishlist
2020-Jul-14 23:10:06,436 [main] GURU99 ECOM 
  INFO  Click on TV
2020-Jul-14 23:10:08,404 [main] GURU99 ECOM 
  INFO  Added to Wishlist
2020-Jul-14 23:10:23,097 [main] GURU99 ECOM 
  INFO  Click on Add to cart
2020-Jul-14 23:10:23,218 [main] GURU99 ECOM 
  INFO  Country selected
2020-Jul-14 23:10:24,542 [main] GURU99 ECOM 
  INFO  Zip code enter
2020-Jul-14 23:10:26,450 [main] GURU99 ECOM 
  INFO  Estimate done
2020-Jul-14 23:10:26,561 [main] GURU99 ECOM 
  INFO  Flat rate selected
2020-Jul-14 23:10:28,177 [main] GURU99 ECOM 
  INFO  Click on Update Total
2020-Jul-14 23:10:30,566 [main] GURU99 ECOM 
  INFO  Click on Proceed to checkout
