2020-Jul-14 23:32:32,198 [main] GURU99 ECOM 
  INFO  Click on MyAccount link
2020-Jul-14 23:32:32,773 [main] GURU99 ECOM 
  INFO  Enter Email Address
2020-Jul-14 23:32:32,976 [main] GURU99 ECOM 
  INFO  Password entered
2020-Jul-14 23:32:34,743 [main] GURU99 ECOM 
  INFO  Click on LogIn button
2020-Jul-14 23:32:36,455 [main] GURU99 ECOM 
  INFO  Click on My wishlist
2020-Jul-14 23:32:38,994 [main] GURU99 ECOM 
  INFO  Click on TV
2020-Jul-14 23:32:40,476 [main] GURU99 ECOM 
  INFO  Added to Wishlist
2020-Jul-14 23:32:57,995 [main] GURU99 ECOM 
  INFO  Click on Add to cart
2020-Jul-14 23:32:58,154 [main] GURU99 ECOM 
  INFO  Country selected
2020-Jul-14 23:32:58,646 [main] GURU99 ECOM 
  INFO  Zip code enter
