2020-Jul-15 11:58:10,968 [main] GURU99 ECOM 
  INFO  Click on MyAccount link
2020-Jul-15 11:58:11,267 [main] GURU99 ECOM 
  INFO  Enter Email Address
2020-Jul-15 11:58:11,463 [main] GURU99 ECOM 
  INFO  Password entered
2020-Jul-15 11:58:13,406 [main] GURU99 ECOM 
  INFO  Click on LogIn button
2020-Jul-15 11:58:15,044 [main] GURU99 ECOM 
  INFO  Click on My wishlist
2020-Jul-15 11:58:18,227 [main] GURU99 ECOM 
  INFO  Click on TV
2020-Jul-15 11:58:20,876 [main] GURU99 ECOM 
  INFO  Added to Wishlist
2020-Jul-15 11:58:29,583 [main] GURU99 ECOM 
  INFO  Click on Add to cart
2020-Jul-15 11:58:29,768 [main] GURU99 ECOM 
  INFO  Country selected
2020-Jul-15 11:58:30,226 [main] GURU99 ECOM 
  INFO  Zip code enter
2020-Jul-15 11:58:32,576 [main] GURU99 ECOM 
  INFO  Estimate done
2020-Jul-15 11:58:32,724 [main] GURU99 ECOM 
  INFO  Flat rate selected
2020-Jul-15 11:58:38,367 [main] GURU99 ECOM 
  INFO  Click on Update Total
2020-Jul-15 11:58:41,269 [main] GURU99 ECOM 
  INFO  Click on Proceed to checkout
2020-Jul-15 11:58:41,536 [main] GURU99 ECOM 
  INFO  Continue
2020-Jul-15 11:58:41,634 [main] GURU99 ECOM 
  INFO  Scroll down page
2020-Jul-15 11:58:44,841 [main] GURU99 ECOM 
  INFO  Continue Shipping method
2020-Jul-15 11:58:48,047 [main] GURU99 ECOM 
  INFO  Check money order selected
2020-Jul-15 11:58:53,289 [main] GURU99 ECOM 
  INFO  PAyment Info continue
2020-Jul-15 11:58:58,479 [main] GURU99 ECOM 
  INFO  order Placed 
