2020-Jul-15 12:04:11,530 [main] GURU99 ECOM 
  INFO  Click on MyAccount link
2020-Jul-15 12:04:11,879 [main] GURU99 ECOM 
  INFO  Enter Email Address
2020-Jul-15 12:04:12,061 [main] GURU99 ECOM 
  INFO  Password entered
2020-Jul-15 12:04:15,982 [main] GURU99 ECOM 
  INFO  Click on LogIn button
2020-Jul-15 12:04:17,252 [main] GURU99 ECOM 
  INFO  Click on My wishlist
2020-Jul-15 12:04:20,584 [main] GURU99 ECOM 
  INFO  Click on TV
2020-Jul-15 12:04:23,400 [main] GURU99 ECOM 
  INFO  Added to Wishlist
2020-Jul-15 12:04:39,206 [main] GURU99 ECOM 
  INFO  Click on Add to cart
2020-Jul-15 12:04:39,452 [main] GURU99 ECOM 
  INFO  Country selected
2020-Jul-15 12:04:40,115 [main] GURU99 ECOM 
  INFO  Zip code enter
2020-Jul-15 12:04:42,182 [main] GURU99 ECOM 
  INFO  Estimate done
2020-Jul-15 12:04:42,465 [main] GURU99 ECOM 
  INFO  Flat rate selected
2020-Jul-15 12:04:45,299 [main] GURU99 ECOM 
  INFO  Click on Update Total
2020-Jul-15 12:04:48,102 [main] GURU99 ECOM 
  INFO  Click on Proceed to checkout
2020-Jul-15 12:04:48,298 [main] GURU99 ECOM 
  INFO  Continue
2020-Jul-15 12:04:48,318 [main] GURU99 ECOM 
  INFO  Scroll down page
2020-Jul-15 12:04:53,313 [main] GURU99 ECOM 
  INFO  Continue Shipping method
2020-Jul-15 12:04:56,492 [main] GURU99 ECOM 
  INFO  Check money order selected
