2020-Jul-14 23:45:11,244 [main] GURU99 ECOM 
  INFO  Click on Add to cart
2020-Jul-14 23:45:11,759 [main] GURU99 ECOM 
  INFO  Country selected
2020-Jul-14 23:45:12,293 [main] GURU99 ECOM 
  INFO  Zip code enter
2020-Jul-14 23:45:16,986 [main] GURU99 ECOM 
  INFO  Estimate done
2020-Jul-14 23:45:17,213 [main] GURU99 ECOM 
  INFO  Flat rate selected
2020-Jul-14 23:45:19,456 [main] GURU99 ECOM 
  INFO  Click on Update Total
2020-Jul-14 23:45:21,785 [main] GURU99 ECOM 
  INFO  Click on Proceed to checkout
2020-Jul-14 23:45:21,934 [main] GURU99 ECOM 
  INFO  Continue
2020-Jul-14 23:45:21,961 [main] GURU99 ECOM 
  INFO  Scroll down page
2020-Jul-14 23:45:25,168 [main] GURU99 ECOM 
  INFO  Continue Shipping method
2020-Jul-14 23:45:28,384 [main] GURU99 ECOM 
  INFO  Check money order selected
2020-Jul-14 23:45:28,559 [main] GURU99 ECOM 
  INFO  PAyment Info continue
