2020-Jul-14 23:43:11,906 [main] GURU99 ECOM 
  INFO  Click on MyAccount link
2020-Jul-14 23:43:12,297 [main] GURU99 ECOM 
  INFO  Enter Email Address
2020-Jul-14 23:43:12,527 [main] GURU99 ECOM 
  INFO  Password entered
2020-Jul-14 23:43:17,017 [main] GURU99 ECOM 
  INFO  Click on LogIn button
2020-Jul-14 23:43:18,097 [main] GURU99 ECOM 
  INFO  Click on My wishlist
2020-Jul-14 23:43:20,382 [main] GURU99 ECOM 
  INFO  Click on TV
2020-Jul-14 23:43:21,980 [main] GURU99 ECOM 
  INFO  Added to Wishlist
2020-Jul-14 23:43:30,007 [main] GURU99 ECOM 
  INFO  Click on Add to cart
2020-Jul-14 23:43:30,138 [main] GURU99 ECOM 
  INFO  Country selected
2020-Jul-14 23:43:30,405 [main] GURU99 ECOM 
  INFO  Zip code enter
2020-Jul-14 23:43:32,676 [main] GURU99 ECOM 
  INFO  Estimate done
2020-Jul-14 23:43:32,857 [main] GURU99 ECOM 
  INFO  Flat rate selected
2020-Jul-14 23:43:36,229 [main] GURU99 ECOM 
  INFO  Click on Update Total
2020-Jul-14 23:43:38,309 [main] GURU99 ECOM 
  INFO  Click on Proceed to checkout
2020-Jul-14 23:43:38,559 [main] GURU99 ECOM 
  INFO  Continue
2020-Jul-14 23:43:38,631 [main] GURU99 ECOM 
  INFO  Scroll down page
2020-Jul-14 23:43:41,807 [main] GURU99 ECOM 
  INFO  Continue Shipping method
2020-Jul-14 23:43:44,954 [main] GURU99 ECOM 
  INFO  Check money order selected
2020-Jul-14 23:43:45,077 [main] GURU99 ECOM 
  INFO  PAyment Info continue
