2020-Jul-15 11:53:31,912 [main] GURU99 ECOM 
  INFO  Click on MyAccount link
2020-Jul-15 11:53:32,562 [main] GURU99 ECOM 
  INFO  Enter Email Address
2020-Jul-15 11:53:32,923 [main] GURU99 ECOM 
  INFO  Password entered
2020-Jul-15 11:53:36,659 [main] GURU99 ECOM 
  INFO  Click on LogIn button
2020-Jul-15 11:53:38,509 [main] GURU99 ECOM 
  INFO  Click on My wishlist
2020-Jul-15 11:53:41,610 [main] GURU99 ECOM 
  INFO  Click on TV
2020-Jul-15 11:53:43,425 [main] GURU99 ECOM 
  INFO  Added to Wishlist
2020-Jul-15 11:53:52,249 [main] GURU99 ECOM 
  INFO  Click on Add to cart
2020-Jul-15 11:53:52,409 [main] GURU99 ECOM 
  INFO  Country selected
2020-Jul-15 11:53:52,676 [main] GURU99 ECOM 
  INFO  Zip code enter
2020-Jul-15 11:53:54,348 [main] GURU99 ECOM 
  INFO  Estimate done
2020-Jul-15 11:53:54,481 [main] GURU99 ECOM 
  INFO  Flat rate selected
2020-Jul-15 11:53:56,719 [main] GURU99 ECOM 
  INFO  Click on Update Total
2020-Jul-15 11:53:59,420 [main] GURU99 ECOM 
  INFO  Click on Proceed to checkout
2020-Jul-15 11:53:59,636 [main] GURU99 ECOM 
  INFO  Continue
2020-Jul-15 11:53:59,696 [main] GURU99 ECOM 
  INFO  Scroll down page
