2020-Jul-14 23:34:15,587 [main] GURU99 ECOM 
  INFO  Click on MyAccount link
2020-Jul-14 23:34:16,010 [main] GURU99 ECOM 
  INFO  Enter Email Address
2020-Jul-14 23:34:16,212 [main] GURU99 ECOM 
  INFO  Password entered
2020-Jul-14 23:34:18,149 [main] GURU99 ECOM 
  INFO  Click on LogIn button
2020-Jul-14 23:34:19,241 [main] GURU99 ECOM 
  INFO  Click on My wishlist
2020-Jul-14 23:34:21,542 [main] GURU99 ECOM 
  INFO  Click on TV
2020-Jul-14 23:34:23,217 [main] GURU99 ECOM 
  INFO  Added to Wishlist
2020-Jul-14 23:34:40,275 [main] GURU99 ECOM 
  INFO  Click on Add to cart
2020-Jul-14 23:34:40,486 [main] GURU99 ECOM 
  INFO  Country selected
2020-Jul-14 23:34:40,763 [main] GURU99 ECOM 
  INFO  Zip code enter
2020-Jul-14 23:34:42,439 [main] GURU99 ECOM 
  INFO  Estimate done
2020-Jul-14 23:34:42,586 [main] GURU99 ECOM 
  INFO  Flat rate selected
2020-Jul-14 23:34:44,789 [main] GURU99 ECOM 
  INFO  Click on Update Total
2020-Jul-14 23:34:47,666 [main] GURU99 ECOM 
  INFO  Click on Proceed to checkout
2020-Jul-14 23:34:47,834 [main] GURU99 ECOM 
  INFO  Continue
2020-Jul-14 23:34:47,849 [main] GURU99 ECOM 
  INFO  Scroll down page
2020-Jul-14 23:34:51,119 [main] GURU99 ECOM 
  INFO  Continue Shipping method
2020-Jul-14 23:34:54,312 [main] GURU99 ECOM 
  INFO  Check money order selected
2020-Jul-14 23:34:57,530 [main] GURU99 ECOM 
  INFO  PAyment Info continue
