2020-Jul-14 23:28:32,357 [main] GURU99 ECOM 
  INFO  Click on MyAccount link
2020-Jul-14 23:28:32,686 [main] GURU99 ECOM 
  INFO  Enter Email Address
2020-Jul-14 23:28:32,895 [main] GURU99 ECOM 
  INFO  Password entered
2020-Jul-14 23:28:35,719 [main] GURU99 ECOM 
  INFO  Click on LogIn button
2020-Jul-14 23:28:36,855 [main] GURU99 ECOM 
  INFO  Click on My wishlist
2020-Jul-14 23:28:39,224 [main] GURU99 ECOM 
  INFO  Click on TV
2020-Jul-14 23:28:41,274 [main] GURU99 ECOM 
  INFO  Added to Wishlist
2020-Jul-14 23:28:56,464 [main] GURU99 ECOM 
  INFO  Click on Add to cart
2020-Jul-14 23:28:56,614 [main] GURU99 ECOM 
  INFO  Country selected
2020-Jul-14 23:28:56,896 [main] GURU99 ECOM 
  INFO  Zip code enter
2020-Jul-14 23:28:58,666 [main] GURU99 ECOM 
  INFO  Estimate done
2020-Jul-14 23:28:58,805 [main] GURU99 ECOM 
  INFO  Flat rate selected
