2020-Jul-14 23:36:07,732 [main] GURU99 ECOM 
  INFO  Click on MyAccount link
2020-Jul-14 23:36:08,003 [main] GURU99 ECOM 
  INFO  Enter Email Address
2020-Jul-14 23:36:08,210 [main] GURU99 ECOM 
  INFO  Password entered
2020-Jul-14 23:36:09,978 [main] GURU99 ECOM 
  INFO  Click on LogIn button
2020-Jul-14 23:36:11,229 [main] GURU99 ECOM 
  INFO  Click on My wishlist
2020-Jul-14 23:36:13,857 [main] GURU99 ECOM 
  INFO  Click on TV
2020-Jul-14 23:36:15,358 [main] GURU99 ECOM 
  INFO  Added to Wishlist
2020-Jul-14 23:36:23,285 [main] GURU99 ECOM 
  INFO  Click on Add to cart
2020-Jul-14 23:36:23,517 [main] GURU99 ECOM 
  INFO  Country selected
2020-Jul-14 23:36:23,762 [main] GURU99 ECOM 
  INFO  Zip code enter
2020-Jul-14 23:36:25,662 [main] GURU99 ECOM 
  INFO  Estimate done
2020-Jul-14 23:36:25,780 [main] GURU99 ECOM 
  INFO  Flat rate selected
2020-Jul-14 23:36:27,591 [main] GURU99 ECOM 
  INFO  Click on Update Total
2020-Jul-14 23:36:29,870 [main] GURU99 ECOM 
  INFO  Click on Proceed to checkout
2020-Jul-14 23:36:30,097 [main] GURU99 ECOM 
  INFO  Continue
2020-Jul-14 23:36:30,131 [main] GURU99 ECOM 
  INFO  Scroll down page
2020-Jul-14 23:36:33,384 [main] GURU99 ECOM 
  INFO  Continue Shipping method
2020-Jul-14 23:36:36,593 [main] GURU99 ECOM 
  INFO  Check money order selected
2020-Jul-14 23:36:40,794 [main] GURU99 ECOM 
  INFO  PAyment Info continue
