2020-Jul-15 11:42:05,865 [main] GURU99 ECOM 
  INFO  Click on Add to cart
2020-Jul-15 11:42:06,037 [main] GURU99 ECOM 
  INFO  Country selected
2020-Jul-15 11:42:06,740 [main] GURU99 ECOM 
  INFO  Zip code enter
2020-Jul-15 11:42:08,540 [main] GURU99 ECOM 
  INFO  Estimate done
2020-Jul-15 11:42:08,736 [main] GURU99 ECOM 
  INFO  Flat rate selected
2020-Jul-15 11:42:10,305 [main] GURU99 ECOM 
  INFO  Click on Update Total
2020-Jul-15 11:42:12,753 [main] GURU99 ECOM 
  INFO  Click on Proceed to checkout
2020-Jul-15 11:42:12,892 [main] GURU99 ECOM 
  INFO  Continue
2020-Jul-15 11:42:12,913 [main] GURU99 ECOM 
  INFO  Scroll down page
2020-Jul-15 11:42:17,766 [main] GURU99 ECOM 
  INFO  Continue Shipping method
2020-Jul-15 11:42:21,002 [main] GURU99 ECOM 
  INFO  Check money order selected
